--2019-10-15 17:00:01--  https://reputation.alienvault.com/reputation.generic
Resolving reputation.alienvault.com (reputation.alienvault.com)... 13.32.90.65, 13.32.90.70, 13.32.90.100, ...
Connecting to reputation.alienvault.com (reputation.alienvault.com)|13.32.90.65|:443... connected.
HTTP request sent, awaiting response... 200 OK
Length: 5820521 (5.6M) [application/octet-stream]
Saving to: ‘/home/pihole/Blocklists/lists/alien_vault’

     0K .......... .......... .......... .......... ..........  0% 2.07M 3s
    50K .......... .......... .......... .......... ..........  1% 4.93M 2s
   100K .......... .......... .......... .......... ..........  2% 8.14M 1s
   150K .......... .......... .......... .......... ..........  3% 7.78M 1s
   200K .......... .......... .......... .......... ..........  4% 9.21M 1s
   250K .......... .......... .......... .......... ..........  5% 15.0M 1s
   300K .......... .......... .......... .......... ..........  6% 15.4M 1s
   350K .......... .......... .......... .......... ..........  7% 13.9M 1s
   400K .......... .......... .......... .......... ..........  7% 24.9M 1s
   450K .......... .......... .......... .......... ..........  8% 21.8M 1s
   500K .......... .......... .......... .......... ..........  9% 16.8M 1s
   550K .......... .......... .......... .......... .......... 10% 29.0M 1s
   600K .......... .......... .......... .......... .......... 11% 30.3M 1s
   650K .......... .......... .......... .......... .......... 12% 23.7M 1s
   700K .......... .......... .......... .......... .......... 13% 26.7M 0s
   750K .......... .......... .......... .......... .......... 14% 21.3M 0s
   800K .......... .......... .......... .......... .......... 14% 22.2M 0s
   850K .......... .......... .......... .......... .......... 15%  101M 0s
   900K .......... .......... .......... .......... .......... 16% 36.6M 0s
   950K .......... .......... .......... .......... .......... 17% 11.2M 0s
  1000K .......... .......... .......... .......... .......... 18% 22.3M 0s
  1050K .......... .......... .......... .......... .......... 19% 12.0M 0s
  1100K .......... .......... .......... .......... .......... 20%  943K 1s
  1150K .......... .......... .......... .......... .......... 21% 81.0M 1s
  1200K .......... .......... .......... .......... .......... 21%  101M 1s
  1250K .......... .......... .......... .......... .......... 22% 50.5M 0s
  1300K .......... .......... .......... .......... .......... 23% 95.3M 0s
  1350K .......... .......... .......... .......... .......... 24% 89.1M 0s
  1400K .......... .......... .......... .......... .......... 25% 53.4M 0s
  1450K .......... .......... .......... .......... .......... 26% 68.1M 0s
  1500K .......... .......... .......... .......... .......... 27% 82.7M 0s
  1550K .......... .......... .......... .......... .......... 28% 46.5M 0s
  1600K .......... .......... .......... .......... .......... 29% 2.29M 0s
  1650K .......... .......... .......... .......... .......... 29% 8.07M 0s
  1700K .......... .......... .......... .......... .......... 30% 1.77M 0s
  1750K .......... .......... .......... .......... .......... 31% 87.3M 0s
  1800K .......... .......... .......... .......... .......... 32% 81.8M 0s
  1850K .......... .......... .......... .......... .......... 33% 41.7M 0s
  1900K .......... .......... .......... .......... .......... 34% 87.7M 0s
  1950K .......... .......... .......... .......... .......... 35% 13.5M 0s
  2000K .......... .......... .......... .......... .......... 36% 95.9M 0s
  2050K .......... .......... .......... .......... .......... 36%  100M 0s
  2100K .......... .......... .......... .......... .......... 37% 55.2M 0s
  2150K .......... .......... .......... .......... .......... 38% 1.52M 0s
  2200K .......... .......... .......... .......... .......... 39% 95.7M 0s
  2250K .......... .......... .......... .......... .......... 40% 94.8M 0s
  2300K .......... .......... .......... .......... .......... 41% 61.3M 0s
  2350K .......... .......... .......... .......... .......... 42% 70.5M 0s
  2400K .......... .......... .......... .......... .......... 43% 29.1M 0s
  2450K .......... .......... .......... .......... .......... 43% 96.4M 0s
  2500K .......... .......... .......... .......... .......... 44% 94.2M 0s
  2550K .......... .......... .......... .......... .......... 45% 54.9M 0s
  2600K .......... .......... .......... .......... .......... 46% 62.2M 0s
  2650K .......... .......... .......... .......... .......... 47% 65.2M 0s
  2700K .......... .......... .......... .......... .......... 48% 10.9M 0s
  2750K .......... .......... .......... .......... .......... 49% 11.9M 0s
  2800K .......... .......... .......... .......... .......... 50% 61.6M 0s
  2850K .......... .......... .......... .......... .......... 51% 99.5M 0s
  2900K .......... .......... .......... .......... .......... 51% 88.3M 0s
  2950K .......... .......... .......... .......... .......... 52% 49.9M 0s
  3000K .......... .......... .......... .......... .......... 53% 99.4M 0s
  3050K .......... .......... .......... .......... .......... 54% 95.4M 0s
  3100K .......... .......... .......... .......... .......... 55%  101M 0s
  3150K .......... .......... .......... .......... .......... 56% 9.16M 0s
  3200K .......... .......... .......... .......... .......... 57%  102M 0s
  3250K .......... .......... .......... .......... .......... 58% 96.2M 0s
  3300K .......... .......... .......... .......... .......... 58% 55.8M 0s
  3350K .......... .......... .......... .......... .......... 59% 76.4M 0s
  3400K .......... .......... .......... .......... .......... 60% 97.0M 0s
  3450K .......... .......... .......... .......... .......... 61% 46.1M 0s
  3500K .......... .......... .......... .......... .......... 62% 1.45M 0s
  3550K .......... .......... .......... .......... .......... 63% 2.35M 0s
  3600K .......... .......... .......... .......... .......... 64% 57.4M 0s
  3650K .......... .......... .......... .......... .......... 65% 35.6M 0s
  3700K .......... .......... .......... .......... .......... 65% 94.2M 0s
  3750K .......... .......... .......... .......... .......... 66% 59.0M 0s
  3800K .......... .......... .......... .......... .......... 67% 65.8M 0s
  3850K .......... .......... .......... .......... .......... 68% 13.7M 0s
  3900K .......... .......... .......... .......... .......... 69% 44.1M 0s
  3950K .......... .......... .......... .......... .......... 70% 10.3M 0s
  4000K .......... .......... .......... .......... .......... 71% 89.0M 0s
  4050K .......... .......... .......... .......... .......... 72% 32.9M 0s
  4100K .......... .......... .......... .......... .......... 73% 60.0M 0s
  4150K .......... .......... .......... .......... .......... 73% 77.4M 0s
  4200K .......... .......... .......... .......... .......... 74% 36.8M 0s
  4250K .......... .......... .......... .......... .......... 75% 57.0M 0s
  4300K .......... .......... .......... .......... .......... 76% 56.7M 0s
  4350K .......... .......... .......... .......... .......... 77% 49.8M 0s
  4400K .......... .......... .......... .......... .......... 78% 52.8M 0s
  4450K .......... .......... .......... .......... .......... 79% 54.5M 0s
  4500K .......... .......... .......... .......... .......... 80% 53.3M 0s
  4550K .......... .......... .......... .......... .......... 80% 53.4M 0s
  4600K .......... .......... .......... .......... .......... 81% 74.7M 0s
  4650K .......... .......... .......... .......... .......... 82% 73.2M 0s
  4700K .......... .......... .......... .......... .......... 83% 57.5M 0s
  4750K .......... .......... .......... .......... .......... 84% 11.1M 0s
  4800K .......... .......... .......... .......... .......... 85% 13.1M 0s
  4850K .......... .......... .......... .......... .......... 86% 12.6M 0s
  4900K .......... .......... .......... .......... .......... 87% 13.1M 0s
  4950K .......... .......... .......... .......... .......... 87% 12.8M 0s
  5000K .......... .......... .......... .......... .......... 88% 17.2M 0s
  5050K .......... .......... .......... .......... .......... 89% 13.0M 0s
  5100K .......... .......... .......... .......... .......... 90% 12.9M 0s
  5150K .......... .......... .......... .......... .......... 91% 10.4M 0s
  5200K .......... .......... .......... .......... .......... 92% 12.9M 0s
  5250K .......... .......... .......... .......... .......... 93% 17.6M 0s
  5300K .......... .......... .......... .......... .......... 94% 12.6M 0s
  5350K .......... .......... .......... .......... .......... 95% 13.1M 0s
  5400K .......... .......... .......... .......... .......... 95% 12.5M 0s
  5450K .......... .......... .......... .......... .......... 96% 13.6M 0s
  5500K .......... .......... .......... .......... .......... 97% 16.6M 0s
  5550K .......... .......... .......... .......... .......... 98% 10.5M 0s
  5600K .......... .......... .......... .......... .......... 99% 12.9M 0s
  5650K .......... .......... .......... ....                 100% 19.6M=0.4s

2019-10-15 17:00:02 (13.0 MB/s) - ‘/home/pihole/Blocklists/lists/alien_vault’ saved [5820521/5820521]

